{"C:\\Users\\Info Computers\\Documents\\SIS-113-2026\\proyectoHoteles\\src\\index.ts": {"path":"C:\\Users\\Info Computers\\Documents\\SIS-113-2026\\proyectoHoteles\\src\\index.ts","statementMap":{"0":{"start":{"line":11,"column":0},"end":{"line":11,"column":16}},"1":{"start":{"line":1,"column":0},"end":{"line":1,"column":66}},"2":{"start":{"line":2,"column":0},"end":{"line":2,"column":68}},"3":{"start":{"line":4,"column":0},"end":{"line":4,"column":44}},"4":{"start":{"line":5,"column":0},"end":{"line":5,"column":96}},"5":{"start":{"line":8,"column":30},"end":{"line":8,"column":61}},"6":{"start":{"line":12,"column":14},"end":{"line":12,"column":23}},"7":{"start":{"line":18,"column":2},"end":{"line":18,"column":26}},"8":{"start":{"line":19,"column":2},"end":{"line":19,"column":50}},"9":{"start":{"line":21,"column":2},"end":{"line":21,"column":null}},"10":{"start":{"line":36,"column":2},"end":{"line":38,"column":null}},"11":{"start":{"line":37,"column":4},"end":{"line":37,"column":null}},"12":{"start":{"line":40,"column":2},"end":{"line":43,"column":null}},"13":{"start":{"line":41,"column":4},"end":{"line":41,"column":null}},"14":{"start":{"line":42,"column":4},"end":{"line":42,"column":null}},"15":{"start":{"line":45,"column":2},"end":{"line":45,"column":40}},"16":{"start":{"line":55,"column":2},"end":{"line":57,"column":5}},"17":{"start":{"line":56,"column":4},"end":{"line":56,"column":null}},"18":{"start":{"line":59,"column":2},"end":{"line":59,"column":13}},"19":{"start":{"line":62,"column":0},"end":{"line":62,"column":null}}},"fnMap":{"0":{"name":"createApp","decl":{"start":{"line":11,"column":16},"end":{"line":11,"column":25}},"loc":{"start":{"line":11,"column":54},"end":{"line":60,"column":1}}},"1":{"name":"(anonymous_2)","decl":{"start":{"line":36,"column":15},"end":{"line":36,"column":16}},"loc":{"start":{"line":36,"column":28},"end":{"line":38,"column":3}}},"2":{"name":"(anonymous_3)","decl":{"start":{"line":40,"column":25},"end":{"line":40,"column":26}},"loc":{"start":{"line":40,"column":38},"end":{"line":43,"column":3}}},"3":{"name":"(anonymous_4)","decl":{"start":{"line":55,"column":19},"end":{"line":55,"column":22}},"loc":{"start":{"line":55,"column":24},"end":{"line":57,"column":3}}}},"branchMap":{},"s":{"0":1,"1":1,"2":1,"3":1,"4":1,"5":1,"6":2,"7":2,"8":2,"9":2,"10":2,"11":0,"12":2,"13":0,"14":0,"15":2,"16":2,"17":2,"18":2,"19":1},"f":{"0":2,"1":0,"2":0,"3":2},"b":{}}
,"C:\\Users\\Info Computers\\Documents\\SIS-113-2026\\proyectoHoteles\\src\\aplicacion\\casosDeUso\\crearHotel.use-case.ts": {"path":"C:\\Users\\Info Computers\\Documents\\SIS-113-2026\\proyectoHoteles\\src\\aplicacion\\casosDeUso\\crearHotel.use-case.ts","statementMap":{"0":{"start":{"line":1,"column":0},"end":{"line":1,"column":44}},"1":{"start":{"line":6,"column":24},"end":{"line":6,"column":57}},"2":{"start":{"line":8,"column":22},"end":{"line":8,"column":97}},"3":{"start":{"line":9,"column":8},"end":{"line":9,"column":54}},"4":{"start":{"line":5,"column":0},"end":{"line":5,"column":13}}},"fnMap":{"0":{"name":"(anonymous_0)","decl":{"start":{"line":6,"column":4},"end":{"line":6,"column":24}},"loc":{"start":{"line":6,"column":57},"end":{"line":6,"column":60}}},"1":{"name":"(anonymous_1)","decl":{"start":{"line":7,"column":4},"end":{"line":7,"column":11}},"loc":{"start":{"line":7,"column":36},"end":{"line":10,"column":5}}}},"branchMap":{},"s":{"0":2,"1":2,"2":2,"3":2,"4":2},"f":{"0":2,"1":2},"b":{}}
,"C:\\Users\\Info Computers\\Documents\\SIS-113-2026\\proyectoHoteles\\src\\aplicacion\\casosDeUso\\obtenerHotel.use-case.ts": {"path":"C:\\Users\\Info Computers\\Documents\\SIS-113-2026\\proyectoHoteles\\src\\aplicacion\\casosDeUso\\obtenerHotel.use-case.ts","statementMap":{"0":{"start":{"line":6,"column":24},"end":{"line":6,"column":57}},"1":{"start":{"line":8,"column":22},"end":{"line":8,"column":59}},"2":{"start":{"line":9,"column":8},"end":{"line":9,"column":21}},"3":{"start":{"line":5,"column":0},"end":{"line":5,"column":13}}},"fnMap":{"0":{"name":"(anonymous_0)","decl":{"start":{"line":6,"column":4},"end":{"line":6,"column":24}},"loc":{"start":{"line":6,"column":57},"end":{"line":6,"column":60}}},"1":{"name":"(anonymous_1)","decl":{"start":{"line":7,"column":4},"end":{"line":7,"column":11}},"loc":{"start":{"line":7,"column":21},"end":{"line":10,"column":5}}}},"branchMap":{},"s":{"0":0,"1":0,"2":0,"3":1},"f":{"0":0,"1":0},"b":{}}
,"C:\\Users\\Info Computers\\Documents\\SIS-113-2026\\proyectoHoteles\\src\\dominio\\Hotel.ts": {"path":"C:\\Users\\Info Computers\\Documents\\SIS-113-2026\\proyectoHoteles\\src\\dominio\\Hotel.ts","statementMap":{"0":{"start":{"line":8,"column":12},"end":{"line":8,"column":29}},"1":{"start":{"line":9,"column":12},"end":{"line":9,"column":27}},"2":{"start":{"line":10,"column":12},"end":{"line":10,"column":29}},"3":{"start":{"line":11,"column":12},"end":{"line":11,"column":29}},"4":{"start":{"line":4,"column":10},"end":{"line":4,"column":42}},"5":{"start":{"line":13,"column":4},"end":{"line":15,"column":5}},"6":{"start":{"line":14,"column":6},"end":{"line":14,"column":null}},"7":{"start":{"line":19,"column":4},"end":{"line":19,"column":19}},"8":{"start":{"line":23,"column":4},"end":{"line":23,"column":24}},"9":{"start":{"line":27,"column":4},"end":{"line":27,"column":39}},"10":{"start":{"line":28,"column":4},"end":{"line":28,"column":34}},"11":{"start":{"line":36,"column":4},"end":{"line":38,"column":6}},"12":{"start":{"line":37,"column":13},"end":{"line":37,"column":76}},"13":{"start":{"line":3,"column":0},"end":{"line":3,"column":13}}},"fnMap":{"0":{"name":"(anonymous_0)","decl":{"start":{"line":7,"column":2},"end":{"line":7,"column":null}},"loc":{"start":{"line":11,"column":29},"end":{"line":16,"column":3}}},"1":{"name":"(anonymous_1)","decl":{"start":{"line":18,"column":9},"end":{"line":18,"column":14}},"loc":{"start":{"line":18,"column":14},"end":{"line":20,"column":3}}},"2":{"name":"(anonymous_2)","decl":{"start":{"line":22,"column":2},"end":{"line":22,"column":13}},"loc":{"start":{"line":22,"column":19},"end":{"line":24,"column":3}}},"3":{"name":"(anonymous_3)","decl":{"start":{"line":26,"column":2},"end":{"line":26,"column":19}},"loc":{"start":{"line":26,"column":42},"end":{"line":29,"column":3}}},"4":{"name":"(anonymous_4)","decl":{"start":{"line":31,"column":2},"end":{"line":31,"column":32}},"loc":{"start":{"line":34,"column":18},"end":{"line":39,"column":3}}},"5":{"name":"(anonymous_5)","decl":{"start":{"line":37,"column":6},"end":{"line":37,"column":7}},"loc":{"start":{"line":37,"column":13},"end":{"line":37,"column":76}}}},"branchMap":{"0":{"loc":{"start":{"line":13,"column":4},"end":{"line":15,"column":5}},"type":"if","locations":[{"start":{"line":13,"column":4},"end":{"line":15,"column":5}},{"start":{},"end":{}}]},"1":{"loc":{"start":{"line":37,"column":13},"end":{"line":37,"column":76}},"type":"binary-expr","locations":[{"start":{"line":37,"column":13},"end":{"line":37,"column":48}},{"start":{"line":37,"column":52},"end":{"line":37,"column":76}}]}},"s":{"0":3,"1":3,"2":3,"3":3,"4":3,"5":3,"6":2,"7":0,"8":0,"9":0,"10":0,"11":0,"12":0,"13":3},"f":{"0":3,"1":0,"2":0,"3":0,"4":0,"5":0},"b":{"0":[2,1],"1":[0,0]}}
,"C:\\Users\\Info Computers\\Documents\\SIS-113-2026\\proyectoHoteles\\src\\dominio\\exceptions\\email-validation.exception.ts": {"path":"C:\\Users\\Info Computers\\Documents\\SIS-113-2026\\proyectoHoteles\\src\\dominio\\exceptions\\email-validation.exception.ts","statementMap":{"0":{"start":{"line":3,"column":8},"end":{"line":3,"column":null}},"1":{"start":{"line":2,"column":23},"end":{"line":2,"column":36}},"2":{"start":{"line":2,"column":45},"end":{"line":2,"column":51}},"3":{"start":{"line":1,"column":0},"end":{"line":1,"column":13}}},"fnMap":{"0":{"name":"(anonymous_0)","decl":{"start":{"line":2,"column":4},"end":{"line":2,"column":23}},"loc":{"start":{"line":2,"column":108},"end":{"line":4,"column":5}}}},"branchMap":{"0":{"loc":{"start":{"line":2,"column":45},"end":{"line":2,"column":108}},"type":"default-arg","locations":[{"start":{"line":2,"column":51},"end":{"line":2,"column":108}}]}},"s":{"0":2,"1":2,"2":2,"3":1},"f":{"0":2},"b":{"0":[2]}}
,"C:\\Users\\Info Computers\\Documents\\SIS-113-2026\\proyectoHoteles\\src\\dominio\\value-objets\\email.vo.ts": {"path":"C:\\Users\\Info Computers\\Documents\\SIS-113-2026\\proyectoHoteles\\src\\dominio\\value-objets\\email.vo.ts","statementMap":{"0":{"start":{"line":1,"column":0},"end":{"line":1,"column":84}},"1":{"start":{"line":4,"column":24},"end":{"line":4,"column":37}},"2":{"start":{"line":5,"column":28},"end":{"line":5,"column":54}},"3":{"start":{"line":6,"column":8},"end":{"line":7,"column":null}},"4":{"start":{"line":7,"column":12},"end":{"line":7,"column":null}},"5":{"start":{"line":11,"column":8},"end":{"line":11,"column":30}},"6":{"start":{"line":15,"column":23},"end":{"line":15,"column":97}},"7":{"start":{"line":16,"column":8},"end":{"line":16,"column":22}},"8":{"start":{"line":3,"column":0},"end":{"line":3,"column":13}}},"fnMap":{"0":{"name":"(anonymous_0)","decl":{"start":{"line":4,"column":4},"end":{"line":4,"column":24}},"loc":{"start":{"line":4,"column":37},"end":{"line":8,"column":5}}},"1":{"name":"(anonymous_1)","decl":{"start":{"line":10,"column":11},"end":{"line":10,"column":17}},"loc":{"start":{"line":10,"column":40},"end":{"line":12,"column":5}}},"2":{"name":"(anonymous_2)","decl":{"start":{"line":14,"column":11},"end":{"line":14,"column":17}},"loc":{"start":{"line":14,"column":40},"end":{"line":17,"column":5}}}},"branchMap":{"0":{"loc":{"start":{"line":6,"column":8},"end":{"line":7,"column":null}},"type":"if","locations":[{"start":{"line":6,"column":8},"end":{"line":7,"column":null}},{"start":{},"end":{}}]}},"s":{"0":1,"1":4,"2":4,"3":4,"4":2,"5":2,"6":9,"7":9,"8":1},"f":{"0":4,"1":2,"2":9},"b":{"0":[2,2]}}
,"C:\\Users\\Info Computers\\Documents\\SIS-113-2026\\proyectoHoteles\\src\\infraestructura\\controllers\\index.ts": {"path":"C:\\Users\\Info Computers\\Documents\\SIS-113-2026\\proyectoHoteles\\src\\infraestructura\\controllers\\index.ts","statementMap":{"0":{"start":{"line":11,"column":0},"end":{"line":11,"column":16}},"1":{"start":{"line":2,"column":0},"end":{"line":2,"column":84}},"2":{"start":{"line":4,"column":0},"end":{"line":4,"column":88}},"3":{"start":{"line":5,"column":0},"end":{"line":5,"column":82}},"4":{"start":{"line":7,"column":0},"end":{"line":7,"column":69}},"5":{"start":{"line":14,"column":4},"end":{"line":20,"column":null}},"6":{"start":{"line":15,"column":26},"end":{"line":15,"column":88}},"7":{"start":{"line":19,"column":8},"end":{"line":19,"column":40}},"8":{"start":{"line":22,"column":4},"end":{"line":42,"column":null}},"9":{"start":{"line":23,"column":23},"end":{"line":23,"column":48}},"10":{"start":{"line":24,"column":51},"end":{"line":24,"column":60}},"11":{"start":{"line":25,"column":43},"end":{"line":25,"column":52}},"12":{"start":{"line":26,"column":8},"end":{"line":41,"column":9}},"13":{"start":{"line":28,"column":12},"end":{"line":28,"column":49}},"14":{"start":{"line":29,"column":12},"end":{"line":29,"column":null}},"15":{"start":{"line":31,"column":12},"end":{"line":31,"column":62}},"16":{"start":{"line":33,"column":12},"end":{"line":40,"column":13}},"17":{"start":{"line":34,"column":16},"end":{"line":37,"column":19}},"18":{"start":{"line":39,"column":16},"end":{"line":39,"column":48}}},"fnMap":{"0":{"name":"initializeController","decl":{"start":{"line":11,"column":16},"end":{"line":11,"column":36}},"loc":{"start":{"line":11,"column":98},"end":{"line":56,"column":1}}},"1":{"name":"(anonymous_1)","decl":{"start":{"line":14,"column":23},"end":{"line":14,"column":24}},"loc":{"start":{"line":14,"column":71},"end":{"line":20,"column":5}}},"2":{"name":"(anonymous_2)","decl":{"start":{"line":22,"column":26},"end":{"line":22,"column":27}},"loc":{"start":{"line":22,"column":80},"end":{"line":42,"column":5}}}},"branchMap":{"0":{"loc":{"start":{"line":33,"column":12},"end":{"line":40,"column":13}},"type":"if","locations":[{"start":{"line":33,"column":12},"end":{"line":40,"column":13}},{"start":{"line":38,"column":19},"end":{"line":40,"column":13}}]}},"s":{"0":1,"1":1,"2":1,"3":1,"4":1,"5":2,"6":1,"7":1,"8":2,"9":0,"10":0,"11":0,"12":0,"13":0,"14":0,"15":0,"16":0,"17":0,"18":0},"f":{"0":2,"1":1,"2":0},"b":{"0":[0,0]}}
,"C:\\Users\\Info Computers\\Documents\\SIS-113-2026\\proyectoHoteles\\src\\infraestructura\\exceptions\\DatabaseNotFoudException.ts": {"path":"C:\\Users\\Info Computers\\Documents\\SIS-113-2026\\proyectoHoteles\\src\\infraestructura\\exceptions\\DatabaseNotFoudException.ts","statementMap":{"0":{"start":{"line":3,"column":8},"end":{"line":3,"column":23}},"1":{"start":{"line":1,"column":0},"end":{"line":1,"column":13}}},"fnMap":{"0":{"name":"(anonymous_0)","decl":{"start":{"line":2,"column":4},"end":{"line":2,"column":16}},"loc":{"start":{"line":2,"column":31},"end":{"line":4,"column":5}}}},"branchMap":{},"s":{"0":0,"1":2},"f":{"0":0},"b":{}}
,"C:\\Users\\Info Computers\\Documents\\SIS-113-2026\\proyectoHoteles\\src\\infraestructura\\exceptions\\ValidationError.ts": {"path":"C:\\Users\\Info Computers\\Documents\\SIS-113-2026\\proyectoHoteles\\src\\infraestructura\\exceptions\\ValidationError.ts","statementMap":{"0":{"start":{"line":3,"column":8},"end":{"line":3,"column":null}},"1":{"start":{"line":1,"column":0},"end":{"line":1,"column":13}}},"fnMap":{"0":{"name":"(anonymous_0)","decl":{"start":{"line":2,"column":4},"end":{"line":2,"column":16}},"loc":{"start":{"line":2,"column":31},"end":{"line":4,"column":5}}}},"branchMap":{},"s":{"0":0,"1":1},"f":{"0":0},"b":{}}
,"C:\\Users\\Info Computers\\Documents\\SIS-113-2026\\proyectoHoteles\\src\\infraestructura\\middlewares\\ExceptionHandler.ts": {"path":"C:\\Users\\Info Computers\\Documents\\SIS-113-2026\\proyectoHoteles\\src\\infraestructura\\middlewares\\ExceptionHandler.ts","statementMap":{"0":{"start":{"line":1,"column":0},"end":{"line":1,"column":83}},"1":{"start":{"line":2,"column":0},"end":{"line":2,"column":68}},"2":{"start":{"line":13,"column":8},"end":{"line":29,"column":null}},"3":{"start":{"line":14,"column":12},"end":{"line":18,"column":14}},"4":{"start":{"line":19,"column":13},"end":{"line":29,"column":null}},"5":{"start":{"line":20,"column":12},"end":{"line":24,"column":14}},"6":{"start":{"line":25,"column":13},"end":{"line":29,"column":null}},"7":{"start":{"line":10,"column":0},"end":{"line":10,"column":13}}},"fnMap":{"0":{"name":"(anonymous_0)","decl":{"start":{"line":12,"column":11},"end":{"line":12,"column":17}},"loc":{"start":{"line":12,"column":35},"end":{"line":30,"column":5}}}},"branchMap":{"0":{"loc":{"start":{"line":13,"column":8},"end":{"line":29,"column":null}},"type":"if","locations":[{"start":{"line":13,"column":8},"end":{"line":29,"column":null}},{"start":{"line":19,"column":13},"end":{"line":29,"column":null}}]},"1":{"loc":{"start":{"line":19,"column":13},"end":{"line":29,"column":null}},"type":"if","locations":[{"start":{"line":19,"column":13},"end":{"line":29,"column":null}},{"start":{"line":25,"column":13},"end":{"line":29,"column":null}}]}},"s":{"0":1,"1":1,"2":0,"3":0,"4":0,"5":0,"6":0,"7":1},"f":{"0":0},"b":{"0":[0,0],"1":[0,0]}}
,"C:\\Users\\Info Computers\\Documents\\SIS-113-2026\\proyectoHoteles\\src\\infraestructura\\persistance\\hotel.repository.impl.ts": {"path":"C:\\Users\\Info Computers\\Documents\\SIS-113-2026\\proyectoHoteles\\src\\infraestructura\\persistance\\hotel.repository.impl.ts","statementMap":{"0":{"start":{"line":3,"column":0},"end":{"line":3,"column":83}},"1":{"start":{"line":9,"column":8},"end":{"line":9,"column":26}},"2":{"start":{"line":13,"column":8},"end":{"line":13,"column":33}},"3":{"start":{"line":14,"column":8},"end":{"line":14,"column":21}},"4":{"start":{"line":18,"column":22},"end":{"line":18,"column":65}},"5":{"start":{"line":18,"column":46},"end":{"line":18,"column":63}},"6":{"start":{"line":19,"column":8},"end":{"line":20,"column":null}},"7":{"start":{"line":20,"column":12},"end":{"line":20,"column":null}},"8":{"start":{"line":21,"column":8},"end":{"line":21,"column":21}},"9":{"start":{"line":5,"column":0},"end":{"line":5,"column":13}}},"fnMap":{"0":{"name":"(anonymous_0)","decl":{"start":{"line":8,"column":4},"end":{"line":8,"column":null}},"loc":{"start":{"line":8,"column":4},"end":{"line":10,"column":5}}},"1":{"name":"(anonymous_1)","decl":{"start":{"line":12,"column":4},"end":{"line":12,"column":14}},"loc":{"start":{"line":12,"column":27},"end":{"line":15,"column":5}}},"2":{"name":"(anonymous_2)","decl":{"start":{"line":17,"column":4},"end":{"line":17,"column":16}},"loc":{"start":{"line":17,"column":27},"end":{"line":22,"column":5}}},"3":{"name":"(anonymous_3)","decl":{"start":{"line":18,"column":40},"end":{"line":18,"column":42}},"loc":{"start":{"line":18,"column":46},"end":{"line":18,"column":63}}}},"branchMap":{"0":{"loc":{"start":{"line":19,"column":8},"end":{"line":20,"column":null}},"type":"if","locations":[{"start":{"line":19,"column":8},"end":{"line":20,"column":null}},{"start":{},"end":{}}]}},"s":{"0":2,"1":3,"2":2,"3":2,"4":0,"5":0,"6":0,"7":0,"8":0,"9":2},"f":{"0":3,"1":2,"2":0,"3":0},"b":{"0":[0,0]}}
,"C:\\Users\\Info Computers\\Documents\\SIS-113-2026\\proyectoHoteles\\src\\infraestructura\\validations\\id-param.validator.ts": {"path":"C:\\Users\\Info Computers\\Documents\\SIS-113-2026\\proyectoHoteles\\src\\infraestructura\\validations\\id-param.validator.ts","statementMap":{"0":{"start":{"line":1,"column":0},"end":{"line":1,"column":68}},"1":{"start":{"line":5,"column":8},"end":{"line":7,"column":64}},"2":{"start":{"line":6,"column":12},"end":{"line":6,"column":24}},"3":{"start":{"line":7,"column":13},"end":{"line":7,"column":64}},"4":{"start":{"line":3,"column":0},"end":{"line":3,"column":13}}},"fnMap":{"0":{"name":"(anonymous_0)","decl":{"start":{"line":4,"column":4},"end":{"line":4,"column":10}},"loc":{"start":{"line":4,"column":30},"end":{"line":8,"column":5}}}},"branchMap":{"0":{"loc":{"start":{"line":5,"column":8},"end":{"line":7,"column":64}},"type":"if","locations":[{"start":{"line":5,"column":8},"end":{"line":7,"column":64}},{"start":{"line":7,"column":13},"end":{"line":7,"column":64}}]},"1":{"loc":{"start":{"line":5,"column":11},"end":{"line":5,"column":21}},"type":"cond-expr","locations":[{"start":{"line":5,"column":13},"end":{"line":5,"column":15}},{"start":{"line":5,"column":11},"end":{"line":5,"column":21}}]},"2":{"loc":{"start":{"line":5,"column":11},"end":{"line":5,"column":15}},"type":"binary-expr","locations":[{"start":{"line":5,"column":11},"end":{"line":5,"column":15}},{"start":{"line":5,"column":11},"end":{"line":5,"column":15}}]}},"s":{"0":1,"1":0,"2":0,"3":0,"4":1},"f":{"0":0},"b":{"0":[0,0],"1":[0,0],"2":[0,0]}}
}
